<component name="libraryTable">
  <library name="junit_junit_4.8.2">
    <CLASSES>
      <root url="jar:///development/play-2.0/repository/local/junit/junit/4.8.2/jars/junit.jar!/" />
    </CLASSES>
    <JAVADOC />
    <SOURCES />
  </library>
</component>